<?xml version="1.0" encoding="UTF-8"?>
<!-- Generated by org.testng.reporters.JUnitReportReporter -->
<testsuite hostname="himanshu-Inspiron-3542" failures="0" tests="6" name="runner.SForm_TestRunner" time="43.047" errors="0" timestamp="2024-08-13T01:48:35 IST" skipped="0">
  <testcase classname="runner.SForm_TestRunner" name="runScenario" time="6.636"/>
  <testcase classname="runner.SForm_TestRunner" name="runScenario" time="7.645"/>
  <testcase classname="runner.SForm_TestRunner" name="runScenario" time="7.040"/>
  <testcase classname="runner.SForm_TestRunner" name="runScenario" time="6.750"/>
  <testcase classname="runner.SForm_TestRunner" name="runScenario" time="7.804"/>
  <testcase classname="runner.SForm_TestRunner" name="runScenario" time="7.172"/>
</testsuite> <!-- runner.SForm_TestRunner -->
