<?xml version="1.0" encoding="UTF-8"?>
<!-- Generated by org.testng.reporters.JUnitReportReporter -->
<testsuite hostname="himanshu-Inspiron-3542" failures="0" tests="6" name="steps.SForm_TestRunner" time="38.078" errors="0" timestamp="2024-08-25T00:02:07 IST" skipped="0">
  <testcase classname="steps.SForm_TestRunner" name="runScenario" time="7.106"/>
  <testcase classname="steps.SForm_TestRunner" name="runScenario" time="6.859"/>
  <testcase classname="steps.SForm_TestRunner" name="runScenario" time="5.860"/>
  <testcase classname="steps.SForm_TestRunner" name="runScenario" time="5.953"/>
  <testcase classname="steps.SForm_TestRunner" name="runScenario" time="6.299"/>
  <testcase classname="steps.SForm_TestRunner" name="runScenario" time="6.001"/>
</testsuite> <!-- steps.SForm_TestRunner -->
