<?xml version="1.0" encoding="UTF-8"?>
<!-- Generated by org.testng.reporters.JUnitReportReporter -->
<testsuite hostname="himanshu-Inspiron-3542" failures="0" tests="6" name="runner.SForm_TestRunner" time="69.633" errors="0" timestamp="2024-08-25T00:02:07 IST" skipped="0">
  <testcase classname="runner.SForm_TestRunner" name="runScenario" time="7.605"/>
  <testcase classname="runner.SForm_TestRunner" name="runScenario" time="9.847"/>
  <testcase classname="runner.SForm_TestRunner" name="runScenario" time="7.645"/>
  <testcase classname="runner.SForm_TestRunner" name="runScenario" time="7.914"/>
  <testcase classname="runner.SForm_TestRunner" name="runScenario" time="6.193"/>
  <testcase classname="runner.SForm_TestRunner" name="runScenario" time="30.429"/>
</testsuite> <!-- runner.SForm_TestRunner -->
