<?xml version="1.0" encoding="UTF-8"?>
<!-- Generated by org.testng.reporters.JUnitReportReporter -->
<testsuite hostname="himanshu-Inspiron-3542" failures="0" tests="6" name="runner.SForm_TestRunner" time="54.483" errors="0" timestamp="2024-08-16T10:39:49 IST" skipped="0">
  <testcase classname="runner.SForm_TestRunner" name="runScenario" time="13.910"/>
  <testcase classname="runner.SForm_TestRunner" name="runScenario" time="8.148"/>
  <testcase classname="runner.SForm_TestRunner" name="runScenario" time="7.369"/>
  <testcase classname="runner.SForm_TestRunner" name="runScenario" time="7.725"/>
  <testcase classname="runner.SForm_TestRunner" name="runScenario" time="9.324"/>
  <testcase classname="runner.SForm_TestRunner" name="runScenario" time="8.007"/>
</testsuite> <!-- runner.SForm_TestRunner -->
